============================= test session starts ==============================
platform linux -- Python 3.11.7, pytest-7.4.0, pluggy-1.0.0
rootdir: /submission/submodules/cleira0501
configfile: pyproject.toml
plugins: anyio-4.2.0, timeout-2.2.0
timeout: 5.0s
timeout method: signal
timeout func_only: False
collected 28 items

test_tic_tac_toe_controller.py .............                             [ 46%]
test_tic_tac_toe_game.py ......                                          [ 67%]
test_tic_tac_toe_view.py .........                                       [100%]

============================== 28 passed in 0.04s ==============================
